[ 2023-12-11 16:26:49,809 ] 15 root - INFO - >>>>>>>>>>>>>>>>>>>>>>>>>>>>>>>>>>>>>>>> Data Ingestion <<<<<<<<<<<<<<<<<<<<<<<<<<<<<<<<<<<<<<<<
[ 2023-12-11 16:26:49,809 ] 22 root - INFO - Exporting collection data as pandas dataframe
[ 2023-12-11 16:26:49,809 ] 22 root - INFO - Reading data from database: flight and collection: fare
[ 2023-12-11 16:26:59,725 ] 24 root - INFO - Found columns: Index(['_id', 'Airline', 'Date_of_Journey', 'Source', 'Destination', 'Route',
       'Dep_Time', 'Arrival_Time', 'Duration', 'Total_Stops',
       'Additional_Info', 'Price'],
      dtype='object')
[ 2023-12-11 16:26:59,728 ] 26 root - INFO - Dropping column: _id 
[ 2023-12-11 16:26:59,742 ] 28 root - INFO - Row and columns in df: (10683, 11)
[ 2023-12-11 16:26:59,742 ] 28 root - INFO - Save data in feature store
[ 2023-12-11 16:26:59,762 ] 34 root - INFO - Create feature store folder if not available
[ 2023-12-11 16:26:59,772 ] 38 root - INFO - Save df to feature store folder
[ 2023-12-11 16:26:59,901 ] 43 root - INFO - split dataset into train and test set
[ 2023-12-11 16:26:59,919 ] 47 root - INFO - create dataset directory folder if not available
[ 2023-12-11 16:26:59,919 ] 52 root - INFO - Save df to feature store folder
[ 2023-12-11 16:27:00,059 ] 64 root - INFO - Data ingestion artifact: DataIngestionArtifact(feature_store_file_path='C:\\Users\\slkpd\\Flight Fare prediction\\artifact\\12112023__162649\\data_ingestion\\feature_store\\FlightFare.csv', train_file_path='C:\\Users\\slkpd\\Flight Fare prediction\\artifact\\12112023__162649\\data_ingestion\\dataset\\train.csv', test_file_path='C:\\Users\\slkpd\\Flight Fare prediction\\artifact\\12112023__162649\\data_ingestion\\dataset\\test.csv')
[ 2023-12-11 16:27:00,072 ] 22 root - INFO - >>>>>>>>>>>>>>>>>>>>>>>>>>>>>>>>>>>>>>>> Data Validation <<<<<<<<<<<<<<<<<<<<<<<<<<<<<<<<<<<<<<<<
[ 2023-12-11 16:27:00,072 ] 111 root - INFO - Reading base dataframe
[ 2023-12-11 16:27:00,162 ] 114 root - INFO - Replace na value in base df
[ 2023-12-11 16:27:00,162 ] 116 root - INFO - Drop null values colums from base df
[ 2023-12-11 16:27:00,172 ] 45 root - INFO - selecting column name which contains null above to 0.2
[ 2023-12-11 16:27:00,174 ] 48 root - INFO - Columns to drop: []
[ 2023-12-11 16:27:00,179 ] 119 root - INFO - Reading train dataframe
[ 2023-12-11 16:27:00,236 ] 121 root - INFO - Reading test dataframe
[ 2023-12-11 16:27:00,277 ] 124 root - INFO - Drop null values colums from train df
[ 2023-12-11 16:27:00,294 ] 45 root - INFO - selecting column name which contains null above to 0.2
[ 2023-12-11 16:27:00,294 ] 48 root - INFO - Columns to drop: []
[ 2023-12-11 16:27:00,294 ] 126 root - INFO - Drop null values colums from test df
[ 2023-12-11 16:27:00,302 ] 45 root - INFO - selecting column name which contains null above to 0.2
[ 2023-12-11 16:27:00,302 ] 48 root - INFO - Columns to drop: []
[ 2023-12-11 16:27:00,302 ] 136 root - INFO - Is all required columns present in train df
[ 2023-12-11 16:27:00,302 ] 138 root - INFO - Is all required columns present in test df
[ 2023-12-11 16:27:00,302 ] 152 root - INFO - Write reprt in yaml file
[ 2023-12-11 16:27:00,310 ] 156 root - INFO - Data validation artifact: DataValidationArtifact(report_file_path='C:\\Users\\slkpd\\Flight Fare prediction\\artifact\\12112023__162649\\data_validation\\report.yaml')
