[ 2023-12-11 14:18:45,924 ] 15 root - INFO - >>>>>>>>>>>>>>>>>>>>>>>>>>>>>>>>>>>>>>>> Data Ingestion <<<<<<<<<<<<<<<<<<<<<<<<<<<<<<<<<<<<<<<<
[ 2023-12-11 14:18:45,924 ] 22 root - INFO - Exporting collection data as pandas dataframe
[ 2023-12-11 14:18:45,929 ] 22 root - INFO - Reading data from database: flight and collection: fare
[ 2023-12-11 14:19:19,209 ] 24 root - INFO - Found columns: Index(['_id', 'Airline', 'Date_of_Journey', 'Source', 'Destination', 'Route',
       'Dep_Time', 'Arrival_Time', 'Duration', 'Total_Stops',
       'Additional_Info', 'Price'],
      dtype='object')
[ 2023-12-11 14:19:19,219 ] 26 root - INFO - Dropping column: _id 
[ 2023-12-11 14:19:19,233 ] 28 root - INFO - Row and columns in df: (10683, 11)
[ 2023-12-11 14:19:19,233 ] 28 root - INFO - Save data in feature store
[ 2023-12-11 14:19:19,257 ] 34 root - INFO - Create feature store folder if not available
[ 2023-12-11 14:19:19,257 ] 38 root - INFO - Save df to feature store folder
[ 2023-12-11 14:19:19,397 ] 43 root - INFO - split dataset into train and test set
[ 2023-12-11 14:19:19,414 ] 47 root - INFO - create dataset directory folder if not available
[ 2023-12-11 14:19:19,419 ] 52 root - INFO - Save df to feature store folder
[ 2023-12-11 14:19:19,553 ] 64 root - INFO - Data ingestion artifact: DataIngestionArtifact(feature_store_file_path='C:\\Users\\slkpd\\Flight Fare prediction\\artifact\\12112023__141845\\data_ingestion\\feature_store\\FlightFare.csv', train_file_path='C:\\Users\\slkpd\\Flight Fare prediction\\artifact\\12112023__141845\\data_ingestion\\dataset\\train.csv', test_file_path='C:\\Users\\slkpd\\Flight Fare prediction\\artifact\\12112023__141845\\data_ingestion\\dataset\\test.csv')
[ 2023-12-11 14:19:19,569 ] 22 root - INFO - >>>>>>>>>>>>>>>>>>>>>>>>>>>>>>>>>>>>>>>> Data Validation <<<<<<<<<<<<<<<<<<<<<<<<<<<<<<<<<<<<<<<<
[ 2023-12-11 14:19:19,569 ] 111 root - INFO - Reading base dataframe
[ 2023-12-11 14:19:19,643 ] 114 root - INFO - Replace na value in base df
[ 2023-12-11 14:19:19,651 ] 116 root - INFO - Drop null values colums from base df
[ 2023-12-11 14:19:19,659 ] 45 root - INFO - selecting column name which contains null above to 0.2
[ 2023-12-11 14:19:19,659 ] 48 root - INFO - Columns to drop: []
[ 2023-12-11 14:19:19,659 ] 119 root - INFO - Reading train dataframe
[ 2023-12-11 14:19:19,736 ] 121 root - INFO - Reading test dataframe
[ 2023-12-11 14:19:19,767 ] 124 root - INFO - Drop null values colums from train df
[ 2023-12-11 14:19:19,775 ] 45 root - INFO - selecting column name which contains null above to 0.2
[ 2023-12-11 14:19:19,775 ] 48 root - INFO - Columns to drop: []
[ 2023-12-11 14:19:19,775 ] 126 root - INFO - Drop null values colums from test df
[ 2023-12-11 14:19:19,786 ] 45 root - INFO - selecting column name which contains null above to 0.2
[ 2023-12-11 14:19:19,786 ] 48 root - INFO - Columns to drop: []
